<?xml version="1.0" encoding="UTF-8"?>
<testsuite xmlns:xsi="http://www.w3.org/2001/XMLSchema-instance" xsi:noNamespaceSchemaLocation="https://maven.apache.org/surefire/maven-surefire-plugin/xsd/surefire-test-report.xsd" version="3.0.2" name="com.cognizant.account.AccountApplicationTests" time="6.255" tests="1" errors="0" skipped="0" failures="0" flakes="0">
  <properties>
[...]
</properties>
  <testcase name="contextLoads" classname="com.cognizant.account.AccountApplicationTests" time="1.79">
    <system-out><![CDATA[23:20:04.016 [main] INFO org.springframework.test.context.support.AnnotationConfigContextLoaderUtils -- Could not detect default configuration classes for test class [com.cognizant.account.AccountApplicationTests]: AccountApplicationTests does not declare any static, non-private, non-final, nested classes annotated with @Configuration.
23:20:04.289 [main] INFO org.springframework.boot.test.context.SpringBootTestContextBootstrapper -- Found @SpringBootConfiguration com.cognizant.account.AccountApplication for test class com.cognizant.account.AccountApplicationTests
23:20:04.540 [main] INFO org.springframework.test.context.support.AnnotationConfigContextLoaderUtils -- Could not detect default configuration classes for test class [com.cognizant.account.AccountApplicationTests]: AccountApplicationTests does not declare any static, non-private, non-final, nested classes annotated with @Configuration.
23:20:04.546 [main] INFO org.springframework.boot.test.context.SpringBootTestContextBootstrapper -- Found @SpringBootConfiguration com.cognizant.account.AccountApplication for test class com.cognizant.account.AccountApplicationTests
23:20:04.779 [main] INFO org.springframework.boot.devtools.restart.RestartApplicationListener -- Restart disabled due to context in which it is running

  .   ____          _            __ _ _
 /\\ / ___'_ __ _ _(_)_ __  __ _ \ \ \ \
( ( )\___ | '_ | '_| | '_ \/ _` | \ \ \ \
 \\/  ___)| |_)| | | | | || (_| |  ) ) ) )
  '  |____| .__|_| |_|_| |_\__, | / / / /
 =========|_|==============|___/=/_/_/_/

 :: Spring Boot ::                (v4.1.0)

2026-07-13T23:20:05.422+05:30  INFO 35720 --- [account] [           main] c.c.account.AccountApplicationTests      : Starting AccountApplicationTests using Java 17.0.16 with PID 35720 (started by nelso in C:\Users\nelso\Downloads\account\account)
2026-07-13T23:20:05.424+05:30  INFO 35720 --- [account] [           main] c.c.account.AccountApplicationTests      : No active profile set, falling back to 1 default profile: "default"
2026-07-13T23:20:07.756+05:30  INFO 35720 --- [account] [           main] c.c.account.AccountApplicationTests      : Started AccountApplicationTests in 3.01 seconds (process running for 6.459)
]]></system-out>
  </testcase>
</testsuite>