<?xml version="1.0" encoding="UTF-8"?>
<testsuite xmlns:xsi="http://www.w3.org/2001/XMLSchema-instance" xsi:noNamespaceSchemaLocation="https://maven.apache.org/surefire/maven-surefire-plugin/xsd/surefire-test-report.xsd" version="3.0.1" name="com.cognizant.tdd.EvenCheckerTest" time="0.147" tests="6" errors="0" skipped="0" failures="0">
  <properties>
[...]
</properties>
  <testcase name="testEvenNumbers(int)[1]" classname="com.cognizant.tdd.EvenCheckerTest" time="0.012"/>
  <testcase name="testEvenNumbers(int)[2]" classname="com.cognizant.tdd.EvenCheckerTest" time="0.001"/>
  <testcase name="testEvenNumbers(int)[3]" classname="com.cognizant.tdd.EvenCheckerTest" time="0.001"/>
  <testcase name="testEvenNumbers(int)[4]" classname="com.cognizant.tdd.EvenCheckerTest" time="0.003"/>
  <testcase name="testEvenNumbers(int)[5]" classname="com.cognizant.tdd.EvenCheckerTest" time="0.003"/>
  <testcase name="testEvenNumbers(int)[6]" classname="com.cognizant.tdd.EvenCheckerTest" time="0.001"/>
</testsuite>